[2025-09-18 18:17:00,514] 25 root - INFO - Object loaded from: artifacts\models\random_forest.pkl
[2025-09-18 18:17:00,515] 82 root - INFO - \u2713 Model loaded: random_forest
[2025-09-18 18:17:00,515] 25 root - INFO - Object loaded from: artifacts\preprocessors\label_encoder.pkl
[2025-09-18 18:17:00,516] 89 root - INFO - \u2713 Label encoder loaded
[2025-09-18 18:17:00,573] 97 werkzeug - WARNING -  * Debugger is active!
[2025-09-18 18:17:00,585] 97 werkzeug - INFO -  * Debugger PIN: 577-965-244
[2025-09-18 18:19:04,544] 97 werkzeug - INFO -  * Detected change in 'C:\\Users\\SHAHID\\Civic-Issue\\frontend\\public\\__init__.py', reloading
[2025-09-18 18:19:04,546] 97 werkzeug - INFO -  * Detected change in 'C:\\Users\\SHAHID\\Civic-Issue\\frontend\\src\\__init__.py', reloading
[2025-09-18 18:19:04,548] 97 werkzeug - INFO -  * Detected change in 'C:\\Users\\SHAHID\\Civic-Issue\\frontend\\src\\components\\__init__.py', reloading
[2025-09-18 18:19:04,549] 97 werkzeug - INFO -  * Detected change in 'C:\\Users\\SHAHID\\Civic-Issue\\frontend\\src\\pages\\__init__.py', reloading
[2025-09-18 18:19:04,552] 97 werkzeug - INFO -  * Detected change in 'C:\\Users\\SHAHID\\Civic-Issue\\frontend\\src\\services\\__init__.py', reloading
[2025-09-18 18:19:05,157] 97 werkzeug - INFO -  * Detected change in 'C:\\Users\\SHAHID\\Civic-Issue\\src\\pipeline\\predict_pipeline.py', reloading
[2025-09-18 18:19:05,190] 97 werkzeug - INFO -  * Detected change in 'C:\\Users\\SHAHID\\anaconda3\\Lib\\site-packages\\flask\\__init__.py', reloading
[2025-09-18 18:19:05,192] 97 werkzeug - INFO -  * Detected change in 'C:\\Users\\SHAHID\\anaconda3\\Lib\\site-packages\\flask\\globals.py', reloading
[2025-09-18 18:19:05,193] 97 werkzeug - INFO -  * Detected change in 'C:\\Users\\SHAHID\\anaconda3\\Lib\\site-packages\\flask\\wrappers.py', reloading
[2025-09-18 18:19:05,194] 97 werkzeug - INFO -  * Detected change in 'C:\\Users\\SHAHID\\anaconda3\\Lib\\site-packages\\werkzeug\\wrappers\\__init__.py', reloading
[2025-09-18 18:19:05,195] 97 werkzeug - INFO -  * Detected change in 'C:\\Users\\SHAHID\\anaconda3\\Lib\\site-packages\\werkzeug\\wrappers\\request.py', reloading
[2025-09-18 18:19:05,196] 97 werkzeug - INFO -  * Detected change in 'C:\\Users\\SHAHID\\anaconda3\\Lib\\site-packages\\werkzeug\\_internal.py', reloading
[2025-09-18 18:19:05,198] 97 werkzeug - INFO -  * Detected change in 'C:\\Users\\SHAHID\\anaconda3\\Lib\\site-packages\\werkzeug\\sansio\\request.py', reloading
[2025-09-18 18:19:05,200] 97 werkzeug - INFO -  * Detected change in 'C:\\Users\\SHAHID\\anaconda3\\Lib\\site-packages\\werkzeug\\utils.py', reloading
[2025-09-18 18:19:05,201] 97 werkzeug - INFO -  * Detected change in 'C:\\Users\\SHAHID\\anaconda3\\Lib\\site-packages\\_pytest\\cacheprovider.py', reloading
[2025-09-18 18:19:05,202] 97 werkzeug - INFO -  * Detected change in 'C:\\Users\\SHAHID\\anaconda3\\Lib\\site-packages\\_pytest\\fixtures.py', reloading
[2025-09-18 18:19:05,204] 97 werkzeug - INFO -  * Detected change in 'C:\\Users\\SHAHID\\anaconda3\\Lib\\site-packages\\_pytest\\capture.py', reloading
[2025-09-18 18:19:05,207] 97 werkzeug - INFO -  * Detected change in 'C:\\Users\\SHAHID\\anaconda3\\Lib\\site-packages\\_pytest\\doctest.py', reloading
[2025-09-18 18:19:05,209] 97 werkzeug - INFO -  * Detected change in 'C:\\Users\\SHAHID\\anaconda3\\Lib\\site-packages\\_pytest\\junitxml.py', reloading
